2023-08-08 09:56:09,650 INFO o.a.j.u.JMeterUtils: Setting Locale to en_EN
2023-08-08 09:56:09,688 INFO o.a.j.JMeter: Loading user properties from: user.properties
2023-08-08 09:56:09,689 INFO o.a.j.JMeter: Loading system properties from: system.properties
2023-08-08 09:56:09,692 INFO o.a.j.JMeter: Copyright (c) 1998-2022 The Apache Software Foundation
2023-08-08 09:56:09,692 INFO o.a.j.JMeter: Version 5.5
2023-08-08 09:56:09,693 INFO o.a.j.JMeter: java.version=18.0.2.1
2023-08-08 09:56:09,693 INFO o.a.j.JMeter: java.vm.name=Java HotSpot(TM) 64-Bit Server VM
2023-08-08 09:56:09,693 INFO o.a.j.JMeter: os.name=Mac OS X
2023-08-08 09:56:09,693 INFO o.a.j.JMeter: os.arch=aarch64
2023-08-08 09:56:09,693 INFO o.a.j.JMeter: os.version=13.4.1
2023-08-08 09:56:09,693 INFO o.a.j.JMeter: file.encoding=UTF-8
2023-08-08 09:56:09,693 INFO o.a.j.JMeter: java.awt.headless=null
2023-08-08 09:56:09,693 INFO o.a.j.JMeter: Max memory     =1073741824
2023-08-08 09:56:09,693 INFO o.a.j.JMeter: Available Processors =8
2023-08-08 09:56:09,698 INFO o.a.j.JMeter: Default Locale=English (EN)
2023-08-08 09:56:09,698 INFO o.a.j.JMeter: JMeter  Locale=English (EN)
2023-08-08 09:56:09,698 INFO o.a.j.JMeter: JMeterHome=/Users/misaeljr/Documents/Palestra Estacio/Automações/JMeter/apache-jmeter-5.5
2023-08-08 09:56:09,698 INFO o.a.j.JMeter: user.dir  =/Users/misaeljr/Documents/Palestra Estacio/Automações/JMeter/apache-jmeter-5.5/bin
2023-08-08 09:56:09,698 INFO o.a.j.JMeter: PWD       =/Users/misaeljr/Documents/Palestra Estacio/Automações/JMeter/apache-jmeter-5.5/bin
2023-08-08 09:56:09,806 INFO o.a.j.JMeter: IP: 192.168.18.3 Name: Misaels-MacBook-Air.local FullName: 192.168.18.3
2023-08-08 09:56:09,816 INFO o.a.j.JMeter: Loaded icon properties from org/apache/jmeter/images/icon.properties
2023-08-08 09:56:10,270 INFO o.a.j.JMeterGuiLauncher: Setting LAF to: com.github.weisj.darklaf.DarkLaf:com.github.weisj.darklaf.theme.DarculaTheme
2023-08-08 09:56:11,526 INFO o.j.r.JARSourceHTTP: Requesting https://jmeter-plugins.org/repo/?installID=mac_os_x-8fa3b1f42ec87bce2e2f23a3125ea358-gui
2023-08-08 09:56:13,384 INFO o.j.r.PluginManager: Plugins Status: [jpgc-casutg=2.10, jpgc-plugins-manager=1.9, jmeter-core=5.5, jmeter-ftp=5.5, jmeter-http=5.5, jmeter-jdbc=5.5, jmeter-jms=5.5, jmeter-junit=5.5, jmeter-java=5.5, jmeter-ldap=5.5, jmeter-mail=5.5, jmeter-mongodb=5.5, jmeter-native=5.5, jmeter-tcp=5.5, jmeter-components=5.5]
2023-08-08 09:56:18,829 INFO o.a.j.g.JMeterUIDefaults: Applying font scale factor: 1.1
2023-08-08 09:56:18,881 INFO o.a.j.g.JMeterUIDefaults: Applying font scale factor: 1.1
2023-08-08 09:56:21,016 INFO o.a.j.g.JMeterUIDefaults: Applying font scale factor: 1.21
2023-08-08 09:56:21,041 INFO o.a.j.g.JMeterUIDefaults: Applying font scale factor: 1.21
2023-08-08 09:56:23,264 INFO o.a.j.g.JMeterUIDefaults: Applying font scale factor: 1.3310001
2023-08-08 09:56:23,287 INFO o.a.j.g.JMeterUIDefaults: Applying font scale factor: 1.3310001
2023-08-08 09:56:25,663 INFO o.a.j.g.JMeterUIDefaults: Applying font scale factor: 1.4641001
2023-08-08 09:56:25,686 INFO o.a.j.g.JMeterUIDefaults: Applying font scale factor: 1.4641001
2023-08-08 09:57:20,146 INFO o.a.j.s.FileServer: Default base='/Users/misaeljr/Documents/Palestra Estacio/Automações/JMeter/apache-jmeter-5.5/bin'
2023-08-08 09:57:20,149 INFO o.a.j.g.a.Load: Loading file: /Users/misaeljr/Documents/Palestra Estacio/Automações/JMeter/script.jmx
2023-08-08 09:57:20,149 INFO o.a.j.s.FileServer: Set new base='/Users/misaeljr/Documents/Palestra Estacio/Automações/JMeter'
2023-08-08 09:57:20,243 INFO o.a.j.s.SaveService: Testplan (JMX) version: 2.2. Testlog (JTL) version: 2.2
2023-08-08 09:57:20,247 INFO o.a.j.s.SaveService: Using SaveService properties version 5.0
2023-08-08 09:57:20,247 INFO o.a.j.s.SaveService: Using SaveService properties file encoding UTF-8
2023-08-08 09:57:20,248 INFO o.a.j.s.SaveService: Loading file: /Users/misaeljr/Documents/Palestra Estacio/Automações/JMeter/script.jmx
2023-08-08 09:57:20,309 INFO o.a.j.p.h.s.HTTPSamplerBase: Parser for text/html is org.apache.jmeter.protocol.http.parser.LagartoBasedHtmlParser
2023-08-08 09:57:20,309 INFO o.a.j.p.h.s.HTTPSamplerBase: Parser for application/xhtml+xml is org.apache.jmeter.protocol.http.parser.LagartoBasedHtmlParser
2023-08-08 09:57:20,310 INFO o.a.j.p.h.s.HTTPSamplerBase: Parser for application/xml is org.apache.jmeter.protocol.http.parser.LagartoBasedHtmlParser
2023-08-08 09:57:20,310 INFO o.a.j.p.h.s.HTTPSamplerBase: Parser for text/xml is org.apache.jmeter.protocol.http.parser.LagartoBasedHtmlParser
2023-08-08 09:57:20,310 INFO o.a.j.p.h.s.HTTPSamplerBase: Parser for text/vnd.wap.wml is org.apache.jmeter.protocol.http.parser.RegexpHTMLParser
2023-08-08 09:57:20,310 INFO o.a.j.p.h.s.HTTPSamplerBase: Parser for text/css is org.apache.jmeter.protocol.http.parser.CssParser
2023-08-08 09:57:20,395 INFO o.a.j.e.u.CompoundVariable: Note: Function class names must contain the string: '.functions.'
2023-08-08 09:57:20,395 INFO o.a.j.e.u.CompoundVariable: Note: Function class names must not contain the string: '.gui.'
2023-08-08 09:57:20,429 INFO o.a.j.s.SampleResult: Note: Sample TimeStamps are START times
2023-08-08 09:57:20,429 INFO o.a.j.s.SampleResult: sampleresult.default.encoding is set to ISO-8859-1
2023-08-08 09:57:20,429 INFO o.a.j.s.SampleResult: sampleresult.useNanoTime=true
2023-08-08 09:57:20,429 INFO o.a.j.s.SampleResult: sampleresult.nanoThreadSleep=5000
2023-08-08 09:57:20,509 INFO o.a.j.v.ViewResultsFullVisualizer: Add JavaFX to your Java installation if you want to use renderer: org.apache.jmeter.visualizers.RenderInBrowser
2023-08-08 09:57:20,563 INFO o.a.j.s.FileServer: Set new base='/Users/misaeljr/Documents/Palestra Estacio/Automações/JMeter'
2023-08-08 09:58:54,333 INFO o.a.j.e.StandardJMeterEngine: Running the test!
2023-08-08 09:58:54,334 INFO o.a.j.s.SampleEvent: List of sample_variables: []
2023-08-08 09:58:54,334 INFO o.a.j.s.SampleEvent: List of sample_variables: []
2023-08-08 09:58:54,336 INFO o.a.j.g.u.JMeterMenuBar: setRunning(true, *local*)
2023-08-08 09:58:54,378 INFO o.a.j.e.StandardJMeterEngine: Starting ThreadGroup: 1 : Smoke Testing
2023-08-08 09:58:54,378 INFO o.a.j.e.StandardJMeterEngine: Starting 1 threads for group Smoke Testing.
2023-08-08 09:58:54,378 INFO o.a.j.e.StandardJMeterEngine: Thread will continue on error
2023-08-08 09:58:54,378 INFO o.a.j.t.ThreadGroup: Starting thread group... number=1 threads=1 ramp-up=1 delayedStart=false
2023-08-08 09:58:54,379 INFO o.a.j.t.ThreadGroup: Started thread group number 1
2023-08-08 09:58:54,379 INFO o.a.j.e.StandardJMeterEngine: All thread groups have been started
2023-08-08 09:58:54,379 INFO o.a.j.t.JMeterThread: Thread started: Smoke Testing 1-1
2023-08-08 09:58:54,386 INFO o.a.j.p.h.s.HTTPHCAbstractImpl: Local host = Misaels-MacBook-Air.local
2023-08-08 09:58:54,392 INFO o.a.j.p.h.s.HTTPHC4Impl: HTTP request retry count = 0
2023-08-08 09:58:54,914 INFO o.a.j.p.h.s.h.LazyLayeredConnectionSocketFactory: Setting up HTTPS TrustAll Socket Factory
2023-08-08 09:58:54,915 INFO o.a.j.u.JsseSSLManager: Using default SSL protocol: TLS
2023-08-08 09:58:54,915 INFO o.a.j.u.JsseSSLManager: SSL session context: per-thread
2023-08-08 09:58:55,025 INFO o.a.j.u.SSLManager: JmeterKeyStore Location:  type JKS
2023-08-08 09:58:55,026 INFO o.a.j.u.SSLManager: KeyStore created OK
2023-08-08 09:58:55,026 WARN o.a.j.u.SSLManager: Keystore file not found, loading empty keystore
2023-08-08 09:58:55,595 INFO o.a.j.t.JMeterThread: Thread is done: Smoke Testing 1-1
2023-08-08 09:58:55,596 INFO o.a.j.t.JMeterThread: Thread finished: Smoke Testing 1-1
2023-08-08 09:58:55,597 INFO o.a.j.e.StandardJMeterEngine: Notifying test listeners of end of test
2023-08-08 09:58:55,597 INFO o.a.j.g.u.JMeterMenuBar: setRunning(false, *local*)
